Started GET "/" for ::1 at 2020-01-15 20:49:27 +0100
  [1m[35m (6.2ms)[0m  [1m[34mSELECT "schema_migrations"."version" FROM "schema_migrations" ORDER BY "schema_migrations"."version" ASC[0m
Processing by PostsController#index as HTML
  [1m[36mUser Load (7.1ms)[0m  [1m[34mSELECT "users".* FROM "users" WHERE "users"."id" = $1 ORDER BY "users"."id" ASC LIMIT $2[0m  [["id", 1], ["LIMIT", 1]]
  Rendering posts/index.html.erb within layouts/application
  [1m[36mActiveStorage::Attachment Load (6.6ms)[0m  [1m[34mSELECT "active_storage_attachments".* FROM "active_storage_attachments" WHERE "active_storage_attachments"."record_id" = $1 AND "active_storage_attachments"."record_type" = $2 AND "active_storage_attachments"."name" = $3 LIMIT $4[0m  [["record_id", 1], ["record_type", "User"], ["name", "avatar"], ["LIMIT", 1]]
  ↳ app/helpers/application_helper.rb:5:in `user_avatar'
  [1m[35m (6.3ms)[0m  [1m[34mSELECT COUNT(*) FROM "posts" WHERE "posts"."author_id" = $1[0m  [["author_id", 1]]
  ↳ app/views/posts/_profile.html.erb:7
  Rendered posts/_profile.html.erb (Duration: 126.7ms | Allocations: 6407)
  Rendered posts/_postform.html.erb (Duration: 65.1ms | Allocations: 2719)
  [1m[36mPost Load (2.9ms)[0m  [1m[34mSELECT "posts".* FROM "posts" ORDER BY "posts"."created_at" DESC[0m
  ↳ app/views/posts/index.html.erb:11
  Rendered collection of templates [0 times] (Duration: 0.1ms | Allocations: 3)
  Rendered posts/_friends.html.erb (Duration: 1.8ms | Allocations: 104)
  Rendered posts/index.html.erb within layouts/application (Duration: 222.6ms | Allocations: 10884)
  Rendered layouts/_head.html.erb (Duration: 826.1ms | Allocations: 24880)
  Rendered layouts/_header.html.erb (Duration: 27.7ms | Allocations: 701)
Completed 200 OK in 1576ms (Views: 1090.4ms | ActiveRecord: 119.1ms | Allocations: 53710)


Started DELETE "/logout" for ::1 at 2020-01-15 20:49:43 +0100
Processing by Devise::SessionsController#destroy as HTML
  Parameters: {"authenticity_token"=>"oUN6CHv6vpNcnRLcHQGZg1mwimaL2CkixX+5HOGEp7fV9L1PG5y1If5fj5zt+erJWfkzR9ZbK7BjfXtCDzKntA=="}
  [1m[36mUser Load (3.4ms)[0m  [1m[34mSELECT "users".* FROM "users" WHERE "users"."id" = $1 ORDER BY "users"."id" ASC LIMIT $2[0m  [["id", 1], ["LIMIT", 1]]
Redirected to http://localhost:3000/
Completed 302 Found in 278ms (ActiveRecord: 3.4ms | Allocations: 3263)


Started GET "/" for ::1 at 2020-01-15 20:49:44 +0100
Processing by PostsController#index as HTML
Completed 401 Unauthorized in 224ms (ActiveRecord: 0.0ms | Allocations: 397)


Started GET "/login" for ::1 at 2020-01-15 20:49:45 +0100
Processing by Devise::SessionsController#new as HTML
  Rendering devise/sessions/new.html.erb within layouts/application
  Rendered devise/shared/_links.html.erb (Duration: 42.4ms | Allocations: 642)
  Rendered devise/sessions/new.html.erb within layouts/application (Duration: 118.2ms | Allocations: 2665)
  Rendered layouts/_head.html.erb (Duration: 424.6ms | Allocations: 9074)
  Rendered layouts/_header.html.erb (Duration: 17.6ms | Allocations: 192)
Completed 200 OK in 650ms (Views: 627.2ms | ActiveRecord: 0.0ms | Allocations: 13906)


Started GET "/users" for ::1 at 2020-01-15 20:49:54 +0100
  
ActionController::RoutingError (No route matches [GET] "/users"):
  
actionpack (6.0.2.1) lib/action_dispatch/middleware/debug_exceptions.rb:36:in `call'
web-console (4.0.1) lib/web_console/middleware.rb:132:in `call_app'
web-console (4.0.1) lib/web_console/middleware.rb:28:in `block in call'
web-console (4.0.1) lib/web_console/middleware.rb:17:in `catch'
web-console (4.0.1) lib/web_console/middleware.rb:17:in `call'
actionpack (6.0.2.1) lib/action_dispatch/middleware/show_exceptions.rb:33:in `call'
railties (6.0.2.1) lib/rails/rack/logger.rb:38:in `call_app'
railties (6.0.2.1) lib/rails/rack/logger.rb:26:in `block in call'
activesupport (6.0.2.1) lib/active_support/tagged_logging.rb:80:in `block in tagged'
activesupport (6.0.2.1) lib/active_support/tagged_logging.rb:28:in `tagged'
activesupport (6.0.2.1) lib/active_support/tagged_logging.rb:80:in `tagged'
railties (6.0.2.1) lib/rails/rack/logger.rb:26:in `call'
sprockets-rails (3.2.1) lib/sprockets/rails/quiet_assets.rb:13:in `call'
actionpack (6.0.2.1) lib/action_dispatch/middleware/remote_ip.rb:81:in `call'
actionpack (6.0.2.1) lib/action_dispatch/middleware/request_id.rb:27:in `call'
rack (2.0.8) lib/rack/method_override.rb:22:in `call'
rack (2.0.8) lib/rack/runtime.rb:22:in `call'
activesupport (6.0.2.1) lib/active_support/cache/strategy/local_cache_middleware.rb:29:in `call'
actionpack (6.0.2.1) lib/action_dispatch/middleware/executor.rb:14:in `call'
actionpack (6.0.2.1) lib/action_dispatch/middleware/static.rb:126:in `call'
rack (2.0.8) lib/rack/sendfile.rb:111:in `call'
actionpack (6.0.2.1) lib/action_dispatch/middleware/host_authorization.rb:83:in `call'
webpacker (4.2.2) lib/webpacker/dev_server_proxy.rb:23:in `perform_request'
rack-proxy (0.6.5) lib/rack/proxy.rb:57:in `call'
railties (6.0.2.1) lib/rails/engine.rb:526:in `call'
puma (4.3.1) lib/puma/configuration.rb:228:in `call'
puma (4.3.1) lib/puma/server.rb:681:in `handle_request'
puma (4.3.1) lib/puma/server.rb:472:in `process_client'
puma (4.3.1) lib/puma/server.rb:328:in `block in run'
puma (4.3.1) lib/puma/thread_pool.rb:134:in `block in spawn_thread'
Started GET "/users" for ::1 at 2020-01-15 20:52:30 +0100
  
ActionController::RoutingError (No route matches [GET] "/users"):
  
actionpack (6.0.2.1) lib/action_dispatch/middleware/debug_exceptions.rb:36:in `call'
web-console (4.0.1) lib/web_console/middleware.rb:132:in `call_app'
web-console (4.0.1) lib/web_console/middleware.rb:28:in `block in call'
web-console (4.0.1) lib/web_console/middleware.rb:17:in `catch'
web-console (4.0.1) lib/web_console/middleware.rb:17:in `call'
actionpack (6.0.2.1) lib/action_dispatch/middleware/show_exceptions.rb:33:in `call'
railties (6.0.2.1) lib/rails/rack/logger.rb:38:in `call_app'
railties (6.0.2.1) lib/rails/rack/logger.rb:26:in `block in call'
activesupport (6.0.2.1) lib/active_support/tagged_logging.rb:80:in `block in tagged'
activesupport (6.0.2.1) lib/active_support/tagged_logging.rb:28:in `tagged'
activesupport (6.0.2.1) lib/active_support/tagged_logging.rb:80:in `tagged'
railties (6.0.2.1) lib/rails/rack/logger.rb:26:in `call'
sprockets-rails (3.2.1) lib/sprockets/rails/quiet_assets.rb:13:in `call'
actionpack (6.0.2.1) lib/action_dispatch/middleware/remote_ip.rb:81:in `call'
actionpack (6.0.2.1) lib/action_dispatch/middleware/request_id.rb:27:in `call'
rack (2.0.8) lib/rack/method_override.rb:22:in `call'
rack (2.0.8) lib/rack/runtime.rb:22:in `call'
activesupport (6.0.2.1) lib/active_support/cache/strategy/local_cache_middleware.rb:29:in `call'
actionpack (6.0.2.1) lib/action_dispatch/middleware/executor.rb:14:in `call'
actionpack (6.0.2.1) lib/action_dispatch/middleware/static.rb:126:in `call'
rack (2.0.8) lib/rack/sendfile.rb:111:in `call'
actionpack (6.0.2.1) lib/action_dispatch/middleware/host_authorization.rb:83:in `call'
webpacker (4.2.2) lib/webpacker/dev_server_proxy.rb:23:in `perform_request'
rack-proxy (0.6.5) lib/rack/proxy.rb:57:in `call'
railties (6.0.2.1) lib/rails/engine.rb:526:in `call'
puma (4.3.1) lib/puma/configuration.rb:228:in `call'
puma (4.3.1) lib/puma/server.rb:681:in `handle_request'
puma (4.3.1) lib/puma/server.rb:472:in `process_client'
puma (4.3.1) lib/puma/server.rb:328:in `block in run'
puma (4.3.1) lib/puma/thread_pool.rb:134:in `block in spawn_thread'
Started GET "/users" for ::1 at 2020-01-15 20:53:07 +0100
Processing by UsersController#index as HTML
Completed 401 Unauthorized in 16ms (ActiveRecord: 0.0ms | Allocations: 1133)


Started GET "/login" for ::1 at 2020-01-15 20:53:08 +0100
Processing by Devise::SessionsController#new as HTML
  Rendering devise/sessions/new.html.erb within layouts/application
  Rendered devise/shared/_links.html.erb (Duration: 22.8ms | Allocations: 558)
  Rendered devise/sessions/new.html.erb within layouts/application (Duration: 84.8ms | Allocations: 2003)
  Rendered layouts/_head.html.erb (Duration: 218.4ms | Allocations: 9255)
  Rendered layouts/_header.html.erb (Duration: 7.1ms | Allocations: 593)
Completed 200 OK in 603ms (Views: 371.7ms | ActiveRecord: 59.3ms | Allocations: 21905)


Started POST "/login" for ::1 at 2020-01-15 20:53:23 +0100
Processing by Devise::SessionsController#create as HTML
  Parameters: {"authenticity_token"=>"+kuRmq6Icga9j8OQcFuXppP7tsAzuhw/QUQ0nyKFlxPiW59LM4LR7xJJQ2pGQ39Zf5Zo3V6o+txB59I6WKbF9Q==", "user"=>{"email"=>"ifyajoke@gmail.com", "password"=>"[FILTERED]", "remember_me"=>"0"}, "commit"=>"Sign in"}
  [1m[36mUser Load (6.0ms)[0m  [1m[34mSELECT "users".* FROM "users" WHERE "users"."email" = $1 ORDER BY "users"."id" ASC LIMIT $2[0m  [["email", "ifyajoke@gmail.com"], ["LIMIT", 1]]
Redirected to http://localhost:3000/users
Completed 302 Found in 2033ms (ActiveRecord: 6.0ms | Allocations: 4708)


Started GET "/users" for ::1 at 2020-01-15 20:53:25 +0100
Processing by UsersController#index as HTML
  [1m[36mUser Load (21.3ms)[0m  [1m[34mSELECT "users".* FROM "users" WHERE "users"."id" = $1 ORDER BY "users"."id" ASC LIMIT $2[0m  [["id", 1], ["LIMIT", 1]]
  Rendering users/index.html.erb within layouts/application
  [1m[36mUser Load (2.2ms)[0m  [1m[34mSELECT "users".* FROM "users"[0m
  ↳ app/views/users/index.html.erb:2
  Rendered collection of users/_user.html [1 times] (Duration: 3.1ms | Allocations: 84)
  Rendered users/index.html.erb within layouts/application (Duration: 102.8ms | Allocations: 1126)
  Rendered layouts/_head.html.erb (Duration: 481.5ms | Allocations: 9079)
  [1m[36mActiveStorage::Attachment Load (1.8ms)[0m  [1m[34mSELECT "active_storage_attachments".* FROM "active_storage_attachments" WHERE "active_storage_attachments"."record_id" = $1 AND "active_storage_attachments"."record_type" = $2 AND "active_storage_attachments"."name" = $3 LIMIT $4[0m  [["record_id", 1], ["record_type", "User"], ["name", "avatar"], ["LIMIT", 1]]
  ↳ app/helpers/application_helper.rb:5:in `user_avatar'
  Rendered layouts/_header.html.erb (Duration: 89.1ms | Allocations: 3105)
Completed 200 OK in 872ms (Views: 712.5ms | ActiveRecord: 48.4ms | Allocations: 16103)


Started GET "/users" for ::1 at 2020-01-15 20:53:52 +0100
Processing by UsersController#index as HTML
  [1m[36mUser Load (20.5ms)[0m  [1m[34mSELECT "users".* FROM "users" WHERE "users"."id" = $1 ORDER BY "users"."id" ASC LIMIT $2[0m  [["id", 1], ["LIMIT", 1]]
  Rendering users/index.html.erb within layouts/application
  [1m[36mUser Load (2.0ms)[0m  [1m[34mSELECT "users".* FROM "users"[0m
  ↳ app/views/users/index.html.erb:2
  [1m[36mActiveStorage::Attachment Load (7.7ms)[0m  [1m[34mSELECT "active_storage_attachments".* FROM "active_storage_attachments" WHERE "active_storage_attachments"."record_id" = $1 AND "active_storage_attachments"."record_type" = $2 AND "active_storage_attachments"."name" = $3 LIMIT $4[0m  [["record_id", 1], ["record_type", "User"], ["name", "avatar"], ["LIMIT", 1]]
  ↳ app/helpers/application_helper.rb:5:in `user_avatar'
  Rendered collection of users/_user.html.erb [1 times] (Duration: 113.2ms | Allocations: 1175)
  Rendered users/index.html.erb within layouts/application (Duration: 163.6ms | Allocations: 2200)
  Rendered layouts/_head.html.erb (Duration: 563.0ms | Allocations: 9235)
  [1m[36mCACHE ActiveStorage::Attachment Load (0.1ms)[0m  [1m[34mSELECT "active_storage_attachments".* FROM "active_storage_attachments" WHERE "active_storage_attachments"."record_id" = $1 AND "active_storage_attachments"."record_type" = $2 AND "active_storage_attachments"."name" = $3 LIMIT $4[0m  [["record_id", 1], ["record_type", "User"], ["name", "avatar"], ["LIMIT", 1]]
  ↳ app/helpers/application_helper.rb:5:in `user_avatar'
  Rendered layouts/_header.html.erb (Duration: 59.5ms | Allocations: 1555)
Completed 200 OK in 1063ms (Views: 871.8ms | ActiveRecord: 30.3ms | Allocations: 16416)


DEPRECATION WARNING: Using `bin/rake routes` is deprecated and will be removed in Rails 6.1. Use `bin/rails routes` instead.
 (called from load at /home/marvellous/.rbenv/versions/2.6.3/bin/rake:23)
Started GET "/" for ::1 at 2020-01-15 20:55:57 +0100
Processing by PostsController#index as HTML
  [1m[36mUser Load (4.5ms)[0m  [1m[34mSELECT "users".* FROM "users" WHERE "users"."id" = $1 ORDER BY "users"."id" ASC LIMIT $2[0m  [["id", 1], ["LIMIT", 1]]
  Rendering posts/index.html.erb within layouts/application
  [1m[36mActiveStorage::Attachment Load (1.4ms)[0m  [1m[34mSELECT "active_storage_attachments".* FROM "active_storage_attachments" WHERE "active_storage_attachments"."record_id" = $1 AND "active_storage_attachments"."record_type" = $2 AND "active_storage_attachments"."name" = $3 LIMIT $4[0m  [["record_id", 1], ["record_type", "User"], ["name", "avatar"], ["LIMIT", 1]]
  ↳ app/helpers/application_helper.rb:5:in `user_avatar'
  [1m[35m (10.4ms)[0m  [1m[34mSELECT COUNT(*) FROM "posts" WHERE "posts"."author_id" = $1[0m  [["author_id", 1]]
  ↳ app/views/posts/_profile.html.erb:7
  Rendered posts/_profile.html.erb (Duration: 68.3ms | Allocations: 2751)
  Rendered posts/_postform.html.erb (Duration: 38.9ms | Allocations: 656)
  [1m[36mPost Load (17.1ms)[0m  [1m[34mSELECT "posts".* FROM "posts" ORDER BY "posts"."created_at" DESC[0m
  ↳ app/views/posts/index.html.erb:11
  Rendered collection of templates [0 times] (Duration: 0.1ms | Allocations: 3)
  Rendered posts/_friends.html.erb (Duration: 1.7ms | Allocations: 101)
  Rendered posts/index.html.erb within layouts/application (Duration: 169.0ms | Allocations: 5003)
  Rendered layouts/_head.html.erb (Duration: 171.7ms | Allocations: 9235)
  Rendered layouts/_header.html.erb (Duration: 23.3ms | Allocations: 674)
Completed 200 OK in 668ms (Views: 387.3ms | ActiveRecord: 123.9ms | Allocations: 21981)


Started GET "/users" for ::1 at 2020-01-15 20:56:03 +0100
Processing by UsersController#index as HTML
  [1m[36mUser Load (2.7ms)[0m  [1m[34mSELECT "users".* FROM "users" WHERE "users"."id" = $1 ORDER BY "users"."id" ASC LIMIT $2[0m  [["id", 1], ["LIMIT", 1]]
  Rendering users/index.html.erb within layouts/application
  [1m[36mUser Load (9.1ms)[0m  [1m[34mSELECT "users".* FROM "users"[0m
  ↳ app/views/users/index.html.erb:3
  [1m[36mActiveStorage::Attachment Load (6.4ms)[0m  [1m[34mSELECT "active_storage_attachments".* FROM "active_storage_attachments" WHERE "active_storage_attachments"."record_id" = $1 AND "active_storage_attachments"."record_type" = $2 AND "active_storage_attachments"."name" = $3 LIMIT $4[0m  [["record_id", 1], ["record_type", "User"], ["name", "avatar"], ["LIMIT", 1]]
  ↳ app/helpers/application_helper.rb:5:in `user_avatar'
  Rendered collection of users/_user.html.erb [1 times] (Duration: 103.4ms | Allocations: 1167)
  Rendered users/index.html.erb within layouts/application (Duration: 214.6ms | Allocations: 2185)
  Rendered layouts/_head.html.erb (Duration: 563.9ms | Allocations: 9070)
  [1m[36mCACHE ActiveStorage::Attachment Load (0.2ms)[0m  [1m[34mSELECT "active_storage_attachments".* FROM "active_storage_attachments" WHERE "active_storage_attachments"."record_id" = $1 AND "active_storage_attachments"."record_type" = $2 AND "active_storage_attachments"."name" = $3 LIMIT $4[0m  [["record_id", 1], ["record_type", "User"], ["name", "avatar"], ["LIMIT", 1]]
  ↳ app/helpers/application_helper.rb:5:in `user_avatar'
  Rendered layouts/_header.html.erb (Duration: 60.2ms | Allocations: 1185)
Completed 200 OK in 1038ms (Views: 901.5ms | ActiveRecord: 18.3ms | Allocations: 15225)


